<?xml version="1.0" encoding="UTF-8"?>
<testng-results ignored="0" total="1" passed="1" failed="0" skipped="0">
  <reporter-output>
  </reporter-output>
  <suite started-at="2025-03-11T13:07:20 IST" name="Suite" finished-at="2025-03-11T13:07:31 IST" duration-ms="11336">
    <groups>
    </groups>
    <test started-at="2025-03-11T13:07:20 IST" name="Test" finished-at="2025-03-11T13:07:31 IST" duration-ms="11336">
      <class name="Alshifa.OpenMRSHealthService.FunctionalTestCase.LoginTC">
        <test-method is-config="true" signature="initBrowser()[pri:0, instance:Alshifa.OpenMRSHealthService.FunctionalTestCase.LoginTC@7c9d8e2]" started-at="2025-03-11T13:07:20 IST" name="initBrowser" finished-at="2025-03-11T13:07:29 IST" duration-ms="8814" status="PASS">
          <reporter-output>
          </reporter-output>
        </test-method> <!-- initBrowser -->
        <test-method signature="loginFunctionality()[pri:0, instance:Alshifa.OpenMRSHealthService.FunctionalTestCase.LoginTC@7c9d8e2]" started-at="2025-03-11T13:07:29 IST" name="loginFunctionality" finished-at="2025-03-11T13:07:30 IST" duration-ms="1851" status="PASS">
          <reporter-output>
          </reporter-output>
        </test-method> <!-- loginFunctionality -->
        <test-method is-config="true" signature="closeBrowser()[pri:0, instance:Alshifa.OpenMRSHealthService.FunctionalTestCase.LoginTC@7c9d8e2]" started-at="2025-03-11T13:07:30 IST" name="closeBrowser" finished-at="2025-03-11T13:07:31 IST" duration-ms="638" status="PASS">
          <reporter-output>
          </reporter-output>
        </test-method> <!-- closeBrowser -->
      </class> <!-- Alshifa.OpenMRSHealthService.FunctionalTestCase.LoginTC -->
    </test> <!-- Test -->
  </suite> <!-- Suite -->
</testng-results>
